\BOOKMARK [1][-]{section.1}{\376\377\137\025\212\000}{}% 1
\BOOKMARK [2][-]{subsection.1.1}{\376\377\170\024\172\166\200\314\146\157}{section.1}% 2
\BOOKMARK [2][-]{subsection.1.2}{\376\377\170\024\172\166\166\356\150\007\116\016\141\017\116\111}{section.1}% 3
\BOOKMARK [2][-]{subsection.1.3}{\376\377\230\171\166\356\137\000\156\220\213\364\146\016}{section.1}% 4
\BOOKMARK [1][-]{section.2}{\376\377\145\160\143\156\147\145\156\220\116\016\177\026\172\013\147\266\147\204}{}% 5
\BOOKMARK [2][-]{subsection.2.1}{\376\377\145\160\143\156\147\145\156\220\116\016\143\317\217\360}{section.2}% 6
\BOOKMARK [2][-]{subsection.2.2}{\376\377\177\026\172\013\147\266\147\204\213\276\213\241\000\040}{section.2}% 7
\BOOKMARK [3][-]{subsubsection.2.2.1}{\376\377\174\173\166\204\134\001\210\305\000\040}{subsection.2.2}% 8
\BOOKMARK [3][-]{subsubsection.2.2.2}{\376\377\137\002\136\070\131\004\164\006\147\072\122\066\000\040}{subsection.2.2}% 9
\BOOKMARK [1][-]{section.3}{\376\377\145\160\143\156\230\204\131\004\164\006\116\016\143\242\175\042\140\047\122\006\147\220}{}% 10
\BOOKMARK [2][-]{subsection.3.1}{\376\377\126\340\123\330\221\317\166\204\122\006\136\003\116\016\217\154\143\142}{section.3}% 11
\BOOKMARK [2][-]{subsection.3.2}{\376\377\122\006\174\173\123\330\221\317\166\204\162\354\160\355\177\026\170\001}{section.3}% 12
\BOOKMARK [2][-]{subsection.3.3}{\376\377\131\032\221\315\121\161\176\277\140\047\150\300\232\214}{section.3}% 13
\BOOKMARK [1][-]{section.4}{\376\377\176\337\213\241\126\336\137\122\152\041\127\213\147\204\136\372\116\016\213\312\145\255}{}% 14
\BOOKMARK [2][-]{subsection.4.1}{\376\377\146\156\220\032\147\000\134\017\116\214\116\130\154\325\000\040\123\237\164\006}{section.4}% 15
\BOOKMARK [2][-]{subsection.4.2}{\376\377\127\372\170\100\152\041\127\213\116\016\116\244\116\222\145\110\136\224\166\204\137\025\121\145}{section.4}% 16
\BOOKMARK [2][-]{subsection.4.3}{\376\377\152\041\127\213\213\312\145\255\123\357\211\306\123\026}{section.4}% 17
\BOOKMARK [2][-]{subsection.4.4}{\376\377\137\002\145\271\135\356\140\047\116\016\172\063\120\145\150\007\121\306\213\357}{section.4}% 18
\BOOKMARK [1][-]{section.5}{\376\377\147\072\126\150\133\146\116\140\122\006\147\220\377\032\226\217\147\072\150\356\147\227\173\227\154\325}{}% 19
\BOOKMARK [2][-]{subsection.5.1}{\376\377\226\217\147\072\150\356\147\227\173\227\154\325\123\237\164\006}{section.5}% 20
\BOOKMARK [2][-]{subsection.5.2}{\376\377\133\236\232\214\213\276\177\156\116\016\215\205\123\302\145\160\214\003\117\030}{section.5}% 21
\BOOKMARK [2][-]{subsection.5.3}{\376\377\147\072\126\150\133\146\116\140\176\323\147\234\122\006\147\220}{section.5}% 22
\BOOKMARK [3][-]{subsubsection.5.3.1}{\376\377\230\204\155\113\174\276\136\246\213\304\117\060}{subsection.5.3}% 23
\BOOKMARK [3][-]{subsubsection.5.3.2}{\376\377\162\171\137\201\221\315\211\201\140\047}{subsection.5.3}% 24
\BOOKMARK [1][-]{section.6}{\376\377\152\041\127\213\133\371\153\324\116\016\176\374\124\010\213\250\213\272}{}% 25
\BOOKMARK [2][-]{subsection.6.1}{\376\377\176\337\213\241\152\041\127\213\000\040\000v\000s\000.\000\040\147\072\126\150\133\146\116\140\152\041\127\213}{section.6}% 26
\BOOKMARK [2][-]{subsection.6.2}{\376\377\176\323\213\272\116\016\136\372\213\256}{section.6}% 27
\BOOKMARK [2][-]{subsection.6.3}{\376\377\147\052\147\145\135\345\117\134\134\125\147\033}{section.6}% 28
